c:\users\karl\documents\pu kurs advc c++\kode fra kurset\dag2 (onsdag0401)\sf_logger\sf_logger\debug\vc140.pdb
c:\users\karl\documents\pu kurs advc c++\kode fra kurset\dag2 (onsdag0401)\sf_logger\sf_logger\debug\myform.obj
c:\users\karl\documents\pu kurs advc c++\kode fra kurset\dag2 (onsdag0401)\sf_logger\sf_logger\debug\loggform.obj
c:\users\karl\documents\pu kurs advc c++\kode fra kurset\dag2 (onsdag0401)\sf_logger\sf_logger\debug\.netframework,version=v4.5.2.assemblyattributes.obj
c:\users\karl\documents\pu kurs advc c++\kode fra kurset\dag2 (onsdag0401)\sf_logger\sf_logger\debug\.netframework,version=v4.5.2.assemblyattributes.asm
c:\users\karl\documents\pu kurs advc c++\kode fra kurset\dag2 (onsdag0401)\sf_logger\sf_logger\debug\sf_logger.loggform.resources
c:\users\karl\documents\pu kurs advc c++\kode fra kurset\dag2 (onsdag0401)\sf_logger\sf_logger\debug\sf_logger.myform.resources
c:\users\karl\documents\pu kurs advc c++\kode fra kurset\dag2 (onsdag0401)\sf_logger\sf_logger\debug\sf_logger.vcxproj.generateresource.cache
c:\users\karl\documents\pu kurs advc c++\kode fra kurset\dag2 (onsdag0401)\sf_logger\sf_logger\debug\sf_logger.vcxprojresolveassemblyreference.cache
c:\users\karl\documents\pu kurs advc c++\kode fra kurset\dag2 (onsdag0401)\sf_logger\debug\sf_logger.pdb
c:\users\karl\documents\pu kurs advc c++\kode fra kurset\dag2 (onsdag0401)\sf_logger\sf_logger\debug\sf_logger.tlog\cl.command.1.tlog
c:\users\karl\documents\pu kurs advc c++\kode fra kurset\dag2 (onsdag0401)\sf_logger\sf_logger\debug\sf_logger.tlog\cl.read.1.tlog
c:\users\karl\documents\pu kurs advc c++\kode fra kurset\dag2 (onsdag0401)\sf_logger\sf_logger\debug\sf_logger.tlog\cl.write.1.tlog
c:\users\karl\documents\pu kurs advc c++\kode fra kurset\dag2 (onsdag0401)\sf_logger\sf_logger\debug\sf_logger.tlog\link.10584.13704-cvtres.read.1.tlog
c:\users\karl\documents\pu kurs advc c++\kode fra kurset\dag2 (onsdag0401)\sf_logger\sf_logger\debug\sf_logger.tlog\link.10584.13704-cvtres.write.1.tlog
c:\users\karl\documents\pu kurs advc c++\kode fra kurset\dag2 (onsdag0401)\sf_logger\sf_logger\debug\sf_logger.tlog\link.10584.13704-rc.read.1.tlog
c:\users\karl\documents\pu kurs advc c++\kode fra kurset\dag2 (onsdag0401)\sf_logger\sf_logger\debug\sf_logger.tlog\link.10584.13704-rc.write.1.tlog
c:\users\karl\documents\pu kurs advc c++\kode fra kurset\dag2 (onsdag0401)\sf_logger\sf_logger\debug\sf_logger.tlog\link.10584.13704.read.1.tlog
c:\users\karl\documents\pu kurs advc c++\kode fra kurset\dag2 (onsdag0401)\sf_logger\sf_logger\debug\sf_logger.tlog\link.10584.13704.write.1.tlog
c:\users\karl\documents\pu kurs advc c++\kode fra kurset\dag2 (onsdag0401)\sf_logger\sf_logger\debug\sf_logger.tlog\link.10584.read.1.tlog
c:\users\karl\documents\pu kurs advc c++\kode fra kurset\dag2 (onsdag0401)\sf_logger\sf_logger\debug\sf_logger.tlog\link.10584.write.1.tlog
c:\users\karl\documents\pu kurs advc c++\kode fra kurset\dag2 (onsdag0401)\sf_logger\sf_logger\debug\sf_logger.tlog\link.19012.5540-cvtres.read.1.tlog
c:\users\karl\documents\pu kurs advc c++\kode fra kurset\dag2 (onsdag0401)\sf_logger\sf_logger\debug\sf_logger.tlog\link.19012.5540-cvtres.write.1.tlog
c:\users\karl\documents\pu kurs advc c++\kode fra kurset\dag2 (onsdag0401)\sf_logger\sf_logger\debug\sf_logger.tlog\link.19012.5540-rc.read.1.tlog
c:\users\karl\documents\pu kurs advc c++\kode fra kurset\dag2 (onsdag0401)\sf_logger\sf_logger\debug\sf_logger.tlog\link.19012.5540-rc.write.1.tlog
c:\users\karl\documents\pu kurs advc c++\kode fra kurset\dag2 (onsdag0401)\sf_logger\sf_logger\debug\sf_logger.tlog\link.19012.5540.read.1.tlog
c:\users\karl\documents\pu kurs advc c++\kode fra kurset\dag2 (onsdag0401)\sf_logger\sf_logger\debug\sf_logger.tlog\link.19012.5540.write.1.tlog
c:\users\karl\documents\pu kurs advc c++\kode fra kurset\dag2 (onsdag0401)\sf_logger\sf_logger\debug\sf_logger.tlog\link.19012.read.1.tlog
c:\users\karl\documents\pu kurs advc c++\kode fra kurset\dag2 (onsdag0401)\sf_logger\sf_logger\debug\sf_logger.tlog\link.19012.write.1.tlog
c:\users\karl\documents\pu kurs advc c++\kode fra kurset\dag2 (onsdag0401)\sf_logger\sf_logger\debug\sf_logger.tlog\link.8160.14748-cvtres.read.1.tlog
c:\users\karl\documents\pu kurs advc c++\kode fra kurset\dag2 (onsdag0401)\sf_logger\sf_logger\debug\sf_logger.tlog\link.8160.14748-cvtres.write.1.tlog
c:\users\karl\documents\pu kurs advc c++\kode fra kurset\dag2 (onsdag0401)\sf_logger\sf_logger\debug\sf_logger.tlog\link.8160.14748-rc.read.1.tlog
c:\users\karl\documents\pu kurs advc c++\kode fra kurset\dag2 (onsdag0401)\sf_logger\sf_logger\debug\sf_logger.tlog\link.8160.14748-rc.write.1.tlog
c:\users\karl\documents\pu kurs advc c++\kode fra kurset\dag2 (onsdag0401)\sf_logger\sf_logger\debug\sf_logger.tlog\link.8160.14748.read.1.tlog
c:\users\karl\documents\pu kurs advc c++\kode fra kurset\dag2 (onsdag0401)\sf_logger\sf_logger\debug\sf_logger.tlog\link.8160.14748.write.1.tlog
c:\users\karl\documents\pu kurs advc c++\kode fra kurset\dag2 (onsdag0401)\sf_logger\sf_logger\debug\sf_logger.tlog\link.8160.read.1.tlog
c:\users\karl\documents\pu kurs advc c++\kode fra kurset\dag2 (onsdag0401)\sf_logger\sf_logger\debug\sf_logger.tlog\link.8160.write.1.tlog
c:\users\karl\documents\pu kurs advc c++\kode fra kurset\dag2 (onsdag0401)\sf_logger\sf_logger\debug\sf_logger.tlog\link.command.1.tlog
c:\users\karl\documents\pu kurs advc c++\kode fra kurset\dag2 (onsdag0401)\sf_logger\sf_logger\debug\sf_logger.tlog\link.read.1.tlog
c:\users\karl\documents\pu kurs advc c++\kode fra kurset\dag2 (onsdag0401)\sf_logger\sf_logger\debug\sf_logger.tlog\link.write.1.tlog
c:\users\karl\documents\pu kurs advc c++\kode fra kurset\dag2 (onsdag0401)\sf_logger\sf_logger\debug\sf_logger.tlog\metagen.read.1.tlog
c:\users\karl\documents\pu kurs advc c++\kode fra kurset\dag2 (onsdag0401)\sf_logger\sf_logger\debug\sf_logger.tlog\metagen.write.1.tlog
c:\users\karl\documents\pu kurs advc c++\kode fra kurset\dag2 (onsdag0401)\sf_logger\sf_logger\debug\sf_logger.tlog\sf_logger.write.1u.tlog
c:\users\karl\documents\pu kurs advc c++\kode fra kurset\dag2 (onsdag0401)\sf_logger\sf_logger\debug\sf_logger.tlog\tzres.dll.bi
